<?xml version="1.0" encoding="UTF-8"?>
<!-- Generated by org.testng.reporters.JUnitReportReporter -->
<testsuite hostname="FD259" failures="0" tests="1" name="Testng.NewTest" time="22.141" errors="0" timestamp="2020-02-18T16:16:37 IST" skipped="0">
  <testcase classname="Testng.NewTest" name="f" time="22.141"/>
</testsuite> <!-- Testng.NewTest -->
